#-----------------------------------------------------------
# Vivado v2016.3 (64-bit)
# SW Build 1682563 on Mon Oct 10 19:07:27 MDT 2016
# IP Build 1681267 on Mon Oct 10 21:28:31 MDT 2016
# Start of session at: Thu May 11 21:21:51 2023
# Process ID: 12876
# Current directory: C:/Users/ediso/Documents/GitHub/space_race
# Command line: vivado.exe -gui_launcher_event rodinguilauncherevent4312 C:\Users\ediso\Documents\GitHub\space_race\lab05.xpr
# Log file: C:/Users/ediso/Documents/GitHub/space_race/vivado.log
# Journal file: C:/Users/ediso/Documents/GitHub/space_race\vivado.jou
#-----------------------------------------------------------
start_gui
open_project C:/Users/ediso/Documents/GitHub/space_race/lab05.xpr
Scanning sources...
Finished scanning sources
WARNING: [filemgmt 56-3] IP Output Repository Path: Could not find the directory 'C:/Users/ediso/Documents/GitHub/space_race/lab05.cache/ip'.
INFO: [IP_Flow 19-234] Refreshing IP repositories
INFO: [IP_Flow 19-1704] No user IP repositories specified
INFO: [IP_Flow 19-2313] Loaded Vivado IP repository 'C:/Vivado/2016.3/data/ip'.
reset_run synth_1
launch_runs impl_1 -to_step write_bitstream -jobs 6
[Thu May 11 21:22:19 2023] Launched synth_1...
Run output will be captured here: C:/Users/ediso/Documents/GitHub/space_race/lab05.runs/synth_1/runme.log
[Thu May 11 21:22:19 2023] Launched impl_1...
Run output will be captured here: C:/Users/ediso/Documents/GitHub/space_race/lab05.runs/impl_1/runme.log
reset_run synth_1
launch_runs impl_1 -to_step write_bitstream -jobs 6
[Thu May 11 21:23:15 2023] Launched synth_1...
Run output will be captured here: C:/Users/ediso/Documents/GitHub/space_race/lab05.runs/synth_1/runme.log
[Thu May 11 21:23:15 2023] Launched impl_1...
Run output will be captured here: C:/Users/ediso/Documents/GitHub/space_race/lab05.runs/impl_1/runme.log
reset_run synth_1
launch_runs impl_1 -to_step write_bitstream -jobs 6
[Thu May 11 21:24:54 2023] Launched synth_1...
Run output will be captured here: C:/Users/ediso/Documents/GitHub/space_race/lab05.runs/synth_1/runme.log
[Thu May 11 21:24:54 2023] Launched impl_1...
Run output will be captured here: C:/Users/ediso/Documents/GitHub/space_race/lab05.runs/impl_1/runme.log
reset_run synth_1
launch_runs impl_1 -to_step write_bitstream -jobs 6
[Thu May 11 21:26:36 2023] Launched synth_1...
Run output will be captured here: C:/Users/ediso/Documents/GitHub/space_race/lab05.runs/synth_1/runme.log
[Thu May 11 21:26:36 2023] Launched impl_1...
Run output will be captured here: C:/Users/ediso/Documents/GitHub/space_race/lab05.runs/impl_1/runme.log
add_files -norecurse -scan_for_includes C:/Users/ediso/Desktop/ssd_ctrl.vhd
reset_run synth_1
launch_runs impl_1 -to_step write_bitstream -jobs 6
[Thu May 11 21:29:41 2023] Launched synth_1...
Run output will be captured here: C:/Users/ediso/Documents/GitHub/space_race/lab05.runs/synth_1/runme.log
[Thu May 11 21:29:41 2023] Launched impl_1...
Run output will be captured here: C:/Users/ediso/Documents/GitHub/space_race/lab05.runs/impl_1/runme.log
reset_run synth_1
launch_runs impl_1 -to_step write_bitstream -jobs 6
[Thu May 11 21:34:02 2023] Launched synth_1...
Run output will be captured here: C:/Users/ediso/Documents/GitHub/space_race/lab05.runs/synth_1/runme.log
[Thu May 11 21:34:02 2023] Launched impl_1...
Run output will be captured here: C:/Users/ediso/Documents/GitHub/space_race/lab05.runs/impl_1/runme.log
open_hw
connect_hw_server
INFO: [Labtools 27-2285] Connecting to hw_server url TCP:localhost:3121
INFO: [Labtools 27-2222] Launching hw_server...
INFO: [Labtools 27-2221] Launch Output:

****** Xilinx hw_server v2016.3
  **** Build date : Oct 10 2016-19:47:06
    ** Copyright 1986-2016 Xilinx, Inc. All Rights Reserved.


open_hw_target
INFO: [Labtoolstcl 44-466] Opening hw_target localhost:3121/xilinx_tcf/Digilent/210248B77F2A
set_property PROGRAM.FILE {C:/Users/ediso/Documents/GitHub/space_race/lab05.runs/impl_1/lab05.bit} [lindex [get_hw_devices xc7z020_1] 0]
current_hw_device [lindex [get_hw_devices xc7z020_1] 0]
refresh_hw_device -update_hw_probes false [lindex [get_hw_devices xc7z020_1] 0]
INFO: [Labtools 27-1435] Device xc7z020 (JTAG device index = 1) is not programmed (DONE status = 0).
set_property PROBES.FILE {} [lindex [get_hw_devices xc7z020_1] 0]
set_property PROGRAM.FILE {C:/Users/ediso/Documents/GitHub/space_race/lab05.runs/impl_1/lab05.bit} [lindex [get_hw_devices xc7z020_1] 0]
program_hw_devices [lindex [get_hw_devices xc7z020_1] 0]
INFO: [Labtools 27-3164] End of startup status: HIGH
refresh_hw_device [lindex [get_hw_devices xc7z020_1] 0]
INFO: [Labtools 27-1434] Device xc7z020 (JTAG device index = 1) is programmed with a design that has no supported debug core(s) in it.
WARNING: [Labtools 27-3123] The debug hub core was not detected at User Scan Chain 1 or 3.
Resolution: 
1. Make sure the clock connected to the debug hub (dbg_hub) core is a free running clock and is active OR
2. Manually launch hw_server with -e "set xsdb-user-bscan <C_USER_SCAN_CHAIN scan_chain_number>" to detect the debug hub at User Scan Chain of 2 or 4. To determine the user scan chain setting, open the implemented design and use: get_property C_USER_SCAN_CHAIN [get_debug_cores dbg_hub].
close_hw
reset_run synth_1
WARNING: [Vivado 12-1017] Problems encountered:
1. Failed to delete one or more files in run directory C:/Users/ediso/Documents/GitHub/space_race/lab05.runs/synth_1

launch_runs impl_1 -to_step write_bitstream -jobs 6
[Thu May 11 21:36:37 2023] Launched synth_1...
Run output will be captured here: C:/Users/ediso/Documents/GitHub/space_race/lab05.runs/synth_1/runme.log
[Thu May 11 21:36:37 2023] Launched impl_1...
Run output will be captured here: C:/Users/ediso/Documents/GitHub/space_race/lab05.runs/impl_1/runme.log
open_hw
connect_hw_server
INFO: [Labtools 27-2285] Connecting to hw_server url TCP:localhost:3121
INFO: [Labtools 27-2222] Launching hw_server...
INFO: [Labtools 27-2221] Launch Output:

****** Xilinx hw_server v2016.3
  **** Build date : Oct 10 2016-19:47:06
    ** Copyright 1986-2016 Xilinx, Inc. All Rights Reserved.


open_hw_target
INFO: [Labtoolstcl 44-466] Opening hw_target localhost:3121/xilinx_tcf/Digilent/210248B77F2A
set_property PROGRAM.FILE {C:/Users/ediso/Documents/GitHub/space_race/lab05.runs/impl_1/lab05.bit} [lindex [get_hw_devices xc7z020_1] 0]
current_hw_device [lindex [get_hw_devices xc7z020_1] 0]
refresh_hw_device -update_hw_probes false [lindex [get_hw_devices xc7z020_1] 0]
INFO: [Labtools 27-1434] Device xc7z020 (JTAG device index = 1) is programmed with a design that has no supported debug core(s) in it.
WARNING: [Labtools 27-3123] The debug hub core was not detected at User Scan Chain 1 or 3.
Resolution: 
1. Make sure the clock connected to the debug hub (dbg_hub) core is a free running clock and is active OR
2. Manually launch hw_server with -e "set xsdb-user-bscan <C_USER_SCAN_CHAIN scan_chain_number>" to detect the debug hub at User Scan Chain of 2 or 4. To determine the user scan chain setting, open the implemented design and use: get_property C_USER_SCAN_CHAIN [get_debug_cores dbg_hub].
set_property PROBES.FILE {} [lindex [get_hw_devices xc7z020_1] 0]
set_property PROGRAM.FILE {C:/Users/ediso/Documents/GitHub/space_race/lab05.runs/impl_1/lab05.bit} [lindex [get_hw_devices xc7z020_1] 0]
program_hw_devices [lindex [get_hw_devices xc7z020_1] 0]
INFO: [Labtools 27-3164] End of startup status: HIGH
refresh_hw_device [lindex [get_hw_devices xc7z020_1] 0]
INFO: [Labtools 27-1434] Device xc7z020 (JTAG device index = 1) is programmed with a design that has no supported debug core(s) in it.
WARNING: [Labtools 27-3123] The debug hub core was not detected at User Scan Chain 1 or 3.
Resolution: 
1. Make sure the clock connected to the debug hub (dbg_hub) core is a free running clock and is active OR
2. Manually launch hw_server with -e "set xsdb-user-bscan <C_USER_SCAN_CHAIN scan_chain_number>" to detect the debug hub at User Scan Chain of 2 or 4. To determine the user scan chain setting, open the implemented design and use: get_property C_USER_SCAN_CHAIN [get_debug_cores dbg_hub].
ERROR: [Labtools 27-2269] No devices detected on target localhost:3121/xilinx_tcf/Digilent/210248B77F2A.
Check cable connectivity and that the target board is powered up then
use the disconnect_hw_server and connect_hw_server to re-register this hardware target.
ERROR: [Labtoolstcl 44-513] HW Target shutdown. Closing target: localhost:3121/xilinx_tcf/Digilent/210248B77F2A
remove_files  C:/Users/ediso/Desktop/ssd_ctrl.vhd
add_files -norecurse -scan_for_includes C:/Users/ediso/Documents/GitHub/space_race/lab05.srcs/sources_1/new/ssd_ctrl.vhd
reset_run synth_1
WARNING: [Vivado 12-1017] Problems encountered:
1. Failed to delete one or more files in run directory C:/Users/ediso/Documents/GitHub/space_race/lab05.runs/synth_1

launch_runs impl_1 -to_step write_bitstream -jobs 6
[Thu May 11 22:01:48 2023] Launched synth_1...
Run output will be captured here: C:/Users/ediso/Documents/GitHub/space_race/lab05.runs/synth_1/runme.log
[Thu May 11 22:01:48 2023] Launched impl_1...
Run output will be captured here: C:/Users/ediso/Documents/GitHub/space_race/lab05.runs/impl_1/runme.log
reset_run synth_1
WARNING: [Vivado 12-1017] Problems encountered:
1. Failed to delete one or more files in run directory C:/Users/ediso/Documents/GitHub/space_race/lab05.runs/synth_1

launch_runs impl_1 -to_step write_bitstream -jobs 6
[Thu May 11 22:11:43 2023] Launched synth_1...
Run output will be captured here: C:/Users/ediso/Documents/GitHub/space_race/lab05.runs/synth_1/runme.log
[Thu May 11 22:11:43 2023] Launched impl_1...
Run output will be captured here: C:/Users/ediso/Documents/GitHub/space_race/lab05.runs/impl_1/runme.log
reset_run synth_1
WARNING: [Vivado 12-1017] Problems encountered:
1. Failed to delete one or more files in run directory C:/Users/ediso/Documents/GitHub/space_race/lab05.runs/synth_1

launch_runs impl_1 -to_step write_bitstream -jobs 6
[Thu May 11 22:19:35 2023] Launched synth_1...
Run output will be captured here: C:/Users/ediso/Documents/GitHub/space_race/lab05.runs/synth_1/runme.log
[Thu May 11 22:19:35 2023] Launched impl_1...
Run output will be captured here: C:/Users/ediso/Documents/GitHub/space_race/lab05.runs/impl_1/runme.log
INFO: [Labtoolstcl 44-466] Opening hw_target localhost:3121/xilinx_tcf/Digilent/210248B77F2A
INFO: [Labtools 27-1435] Device xc7z020 (JTAG device index = 1) is not programmed (DONE status = 0).
set_property PROBES.FILE {} [lindex [get_hw_devices xc7z020_1] 0]
set_property PROGRAM.FILE {C:/Users/ediso/Documents/GitHub/space_race/lab05.runs/impl_1/lab05.bit} [lindex [get_hw_devices xc7z020_1] 0]
program_hw_devices [lindex [get_hw_devices xc7z020_1] 0]
INFO: [Labtools 27-3164] End of startup status: HIGH
refresh_hw_device [lindex [get_hw_devices xc7z020_1] 0]
INFO: [Labtools 27-1434] Device xc7z020 (JTAG device index = 1) is programmed with a design that has no supported debug core(s) in it.
WARNING: [Labtools 27-3123] The debug hub core was not detected at User Scan Chain 1 or 3.
Resolution: 
1. Make sure the clock connected to the debug hub (dbg_hub) core is a free running clock and is active OR
2. Manually launch hw_server with -e "set xsdb-user-bscan <C_USER_SCAN_CHAIN scan_chain_number>" to detect the debug hub at User Scan Chain of 2 or 4. To determine the user scan chain setting, open the implemented design and use: get_property C_USER_SCAN_CHAIN [get_debug_cores dbg_hub].
ERROR: [Labtools 27-2269] No devices detected on target localhost:3121/xilinx_tcf/Digilent/210248B77F2A.
Check cable connectivity and that the target board is powered up then
use the disconnect_hw_server and connect_hw_server to re-register this hardware target.
ERROR: [Labtoolstcl 44-513] HW Target shutdown. Closing target: localhost:3121/xilinx_tcf/Digilent/210248B77F2A
reset_run synth_1
WARNING: [Vivado 12-1017] Problems encountered:
1. Failed to delete one or more files in run directory C:/Users/ediso/Documents/GitHub/space_race/lab05.runs/synth_1

launch_runs impl_1 -to_step write_bitstream -jobs 6
[Thu May 11 22:25:16 2023] Launched synth_1...
Run output will be captured here: C:/Users/ediso/Documents/GitHub/space_race/lab05.runs/synth_1/runme.log
[Thu May 11 22:25:16 2023] Launched impl_1...
Run output will be captured here: C:/Users/ediso/Documents/GitHub/space_race/lab05.runs/impl_1/runme.log
open_run impl_1
INFO: [Netlist 29-17] Analyzing 1533 Unisim elements for replacement
INFO: [Netlist 29-28] Unisim Transformation completed in 0 CPU seconds
WARNING: [Netlist 29-101] Netlist 'lab05' is not ideal for floorplanning, since the cellview 'lab05' contains a large number of primitives.  Please consider enabling hierarchy in synthesis if you want to do floorplanning.
INFO: [Project 1-479] Netlist was created with Vivado 2016.3
INFO: [Device 21-403] Loading part xc7z020clg484-1
INFO: [Project 1-570] Preparing netlist for logic optimization
Parsing XDC File [C:/Users/ediso/Documents/GitHub/space_race/.Xil/Vivado-12876-DESKTOP-3VPPBLD/dcp/lab05.xdc]
Finished Parsing XDC File [C:/Users/ediso/Documents/GitHub/space_race/.Xil/Vivado-12876-DESKTOP-3VPPBLD/dcp/lab05.xdc]
Reading XDEF placement.
Reading placer database...
Reading XDEF routing.
Read XDEF File: Time (s): cpu = 00:00:01 ; elapsed = 00:00:00.430 . Memory (MB): peak = 1256.930 ; gain = 6.973
Restored from archive | CPU: 1.000000 secs | Memory: 0.000000 MB |
Finished XDEF File Restore: Time (s): cpu = 00:00:01 ; elapsed = 00:00:00.430 . Memory (MB): peak = 1256.930 ; gain = 6.973
INFO: [Project 1-111] Unisim Transformation Summary:
No Unisim elements were transformed.

open_run: Time (s): cpu = 00:00:08 ; elapsed = 00:00:06 . Memory (MB): peak = 1410.559 ; gain = 398.715
INFO: [Labtoolstcl 44-466] Opening hw_target localhost:3121/xilinx_tcf/Digilent/210248B77F2A
INFO: [Labtools 27-1435] Device xc7z020 (JTAG device index = 1) is not programmed (DONE status = 0).
set_property PROBES.FILE {} [lindex [get_hw_devices xc7z020_1] 0]
set_property PROGRAM.FILE {C:/Users/ediso/Documents/GitHub/space_race/lab05.runs/impl_1/lab05.bit} [lindex [get_hw_devices xc7z020_1] 0]
program_hw_devices [lindex [get_hw_devices xc7z020_1] 0]
INFO: [Labtools 27-3164] End of startup status: HIGH
refresh_hw_device [lindex [get_hw_devices xc7z020_1] 0]
INFO: [Labtools 27-1434] Device xc7z020 (JTAG device index = 1) is programmed with a design that has no supported debug core(s) in it.
WARNING: [Labtools 27-3123] The debug hub core was not detected at User Scan Chain 1 or 3.
Resolution: 
1. Make sure the clock connected to the debug hub (dbg_hub) core is a free running clock and is active OR
2. Manually launch hw_server with -e "set xsdb-user-bscan <C_USER_SCAN_CHAIN scan_chain_number>" to detect the debug hub at User Scan Chain of 2 or 4. To determine the user scan chain setting, open the implemented design and use: get_property C_USER_SCAN_CHAIN [get_debug_cores dbg_hub].
reset_run synth_1
WARNING: [Vivado 12-1017] Problems encountered:
1. Failed to delete one or more files in run directory C:/Users/ediso/Documents/GitHub/space_race/lab05.runs/synth_1

launch_runs impl_1 -to_step write_bitstream -jobs 6
[Thu May 11 22:30:42 2023] Launched synth_1...
Run output will be captured here: C:/Users/ediso/Documents/GitHub/space_race/lab05.runs/synth_1/runme.log
[Thu May 11 22:30:42 2023] Launched impl_1...
Run output will be captured here: C:/Users/ediso/Documents/GitHub/space_race/lab05.runs/impl_1/runme.log
set_property PROBES.FILE {} [lindex [get_hw_devices xc7z020_1] 0]
set_property PROGRAM.FILE {C:/Users/ediso/Documents/GitHub/space_race/lab05.runs/impl_1/lab05.bit} [lindex [get_hw_devices xc7z020_1] 0]
program_hw_devices [lindex [get_hw_devices xc7z020_1] 0]
INFO: [Labtools 27-3164] End of startup status: HIGH
refresh_hw_device [lindex [get_hw_devices xc7z020_1] 0]
INFO: [Labtools 27-1434] Device xc7z020 (JTAG device index = 1) is programmed with a design that has no supported debug core(s) in it.
WARNING: [Labtools 27-3123] The debug hub core was not detected at User Scan Chain 1 or 3.
Resolution: 
1. Make sure the clock connected to the debug hub (dbg_hub) core is a free running clock and is active OR
2. Manually launch hw_server with -e "set xsdb-user-bscan <C_USER_SCAN_CHAIN scan_chain_number>" to detect the debug hub at User Scan Chain of 2 or 4. To determine the user scan chain setting, open the implemented design and use: get_property C_USER_SCAN_CHAIN [get_debug_cores dbg_hub].
close_hw
refresh_design
