#-----------------------------------------------------------
# Vivado v2016.3 (64-bit)
# SW Build 1682563 on Mon Oct 10 19:07:27 MDT 2016
# IP Build 1681267 on Mon Oct 10 21:28:31 MDT 2016
# Start of session at: Wed May 10 16:18:33 2023
# Process ID: 19356
# Current directory: C:/Users/user/Documents/.git/space_race
# Command line: vivado.exe -gui_launcher_event rodinguilauncherevent16284 C:\Users\user\Documents\.git\space_race\lab05.xpr
# Log file: C:/Users/user/Documents/.git/space_race/vivado.log
# Journal file: C:/Users/user/Documents/.git/space_race\vivado.jou
#----------------------------------------------------------ststart_guopopen_project C:/Users/user/Documents/.git/space_race/lab05.xpr
INFO: [Project 1-313] Project file moved from 'C:/Users/user/Downloads/space_race-prototype' since last save.
Scanning sources...
Finished scanning sources
WARNING: [filemgmt 56-2] IP Output Repository Path: Could not find the directory 'C:/Users/user/Documents/.git/space_race/lab05.cache/ip', nor could it be found using path 'C:/Users/user/Downloads/space_race-prototype/lab05.cache/ip'.
WARNING: [filemgmt 56-2] IPUserFilesDir: Could not find the directory 'C:/Users/user/Documents/.git/space_race/lab05.ip_user_files', nor could it be found using path 'C:/Users/user/Downloads/space_race-prototype/lab05.ip_user_files'.
INFO: [IP_Flow 19-234] Refreshing IP repositories
INFO: [IP_Flow 19-1704] No user IP repositories specified
INFO: [IP_Flow 19-2313] Loaded Vivado IP repository 'C:/Xilinx/Vivado/2016.3/data/ip'.
exit
INFO: [Common 17-206] Exiting Vivado at Wed May 10 16:18:55 2023...
