#-----------------------------------------------------------
# Vivado v2016.3 (64-bit)
# SW Build 1682563 on Mon Oct 10 19:07:27 MDT 2016
# IP Build 1681267 on Mon Oct 10 21:28:31 MDT 2016
# Start of session at: Tue May 09 17:03:18 2023
# Process ID: 12680
# Current directory: C:/Users/ediso/Desktop/lab05
# Command line: vivado.exe -gui_launcher_event rodinguilauncherevent14024 C:\Users\ediso\Desktop\lab05\lab05.xpr
# Log file: C:/Users/ediso/Desktop/lab05/vivado.log
# Journal file: C:/Users/ediso/Desktop/lab05\vivado.jou
#-----------------------------------------------------------
start_gui
open_project C:/Users/ediso/Desktop/lab05/lab05.xpr
INFO: [Project 1-313] Project file moved from 'C:/Users/student/Desktop/lab05' since last save.
Scanning sources...
Finished scanning sources
WARNING: [filemgmt 56-2] IP Output Repository Path: Could not find the directory 'C:/Users/ediso/Desktop/lab05/lab05.cache/ip', nor could it be found using path 'C:/Users/student/Desktop/lab05/lab05.cache/ip'.
INFO: [IP_Flow 19-234] Refreshing IP repositories
INFO: [IP_Flow 19-1704] No user IP repositories specified
INFO: [IP_Flow 19-2313] Loaded Vivado IP repository 'C:/Vivado/2016.3/data/ip'.
exit
INFO: [Common 17-206] Exiting Vivado at Tue May 09 17:04:44 2023...
