#-----------------------------------------------------------
# Vivado v2016.3 (64-bit)
# SW Build 1682563 on Mon Oct 10 19:07:27 MDT 2016
# IP Build 1681267 on Mon Oct 10 21:28:31 MDT 2016
# Start of session at: Tue May 16 21:14:24 2023
# Process ID: 2228
# Current directory: C:/Users/user/Documents/.git/space_race
# Command line: vivado.exe -gui_launcher_event rodinguilauncherevent796 C:\Users\user\Documents\.git\space_race\lab05.xpr
# Log file: C:/Users/user/Documents/.git/space_race/vivado.log
# Journal file: C:/Users/user/Documents/.git/space_race\vivado.jou
#-----------------------------------------------------------
start_gui
open_project C:/Users/user/Documents/.git/space_race/lab05.xpr
Scanning sources...
Finished scanning sources
WARNING: [filemgmt 56-3] IP Output Repository Path: Could not find the directory 'C:/Users/user/Documents/.git/space_race/lab05.cache/ip'.
WARNING: [filemgmt 56-3] IPUserFilesDir: Could not find the directory 'C:/Users/user/Documents/.git/space_race/lab05.ip_user_files'.
INFO: [IP_Flow 19-234] Refreshing IP repositories
INFO: [IP_Flow 19-1704] No user IP repositories specified
INFO: [IP_Flow 19-2313] Loaded Vivado IP repository 'C:/Xilinx/Vivado/2016.3/data/ip'.
reset_run synth_1
launch_runs impl_1 -to_step write_bitstream
[Tue May 16 21:36:16 2023] Launched synth_1...
Run output will be captured here: C:/Users/user/Documents/.git/space_race/lab05.runs/synth_1/runme.log
[Tue May 16 21:36:16 2023] Launched impl_1...
Run output will be captured here: C:/Users/user/Documents/.git/space_race/lab05.runs/impl_1/runme.log
