#-----------------------------------------------------------
# Vivado v2016.3 (64-bit)
# SW Build 1682563 on Mon Oct 10 19:07:27 MDT 2016
# IP Build 1681267 on Mon Oct 10 21:28:31 MDT 2016
# Start of session at: Thu May 18 13:57:16 2023
# Process ID: 23476
# Current directory: C:/Users/user/Documents/.git/space_race
# Command line: vivado.exe -gui_launcher_event rodinguilauncherevent6676 C:\Users\user\Documents\.git\space_race\lab05.xpr
# Log file: C:/Users/user/Documents/.git/space_race/vivado.log
# Journal file: C:/Users/user/Documents/.git/space_race\vivado.jou
#-----------------------------------------------------------
start_gui
open_project C:/Users/user/Documents/.git/space_race/lab05.xpr
Scanning sources...
Finished scanning sources
WARNING: [filemgmt 56-3] IP Output Repository Path: Could not find the directory 'C:/Users/user/Documents/.git/space_race/lab05.cache/ip'.
WARNING: [filemgmt 56-3] IPUserFilesDir: Could not find the directory 'C:/Users/user/Documents/.git/space_race/lab05.ip_user_files'.
INFO: [IP_Flow 19-234] Refreshing IP repositories
INFO: [IP_Flow 19-1704] No user IP repositories specified
INFO: [IP_Flow 19-2313] Loaded Vivado IP repository 'C:/Xilinx/Vivado/2016.3/data/ip'.
reset_run synth_1
launch_runs impl_1 -to_step write_bitstream
[Thu May 18 14:12:06 2023] Launched synth_1...
Run output will be captured here: C:/Users/user/Documents/.git/space_race/lab05.runs/synth_1/runme.log
[Thu May 18 14:12:06 2023] Launched impl_1...
Run output will be captured here: C:/Users/user/Documents/.git/space_race/lab05.runs/impl_1/runme.log
reset_run impl_1 -prev_step 
launch_runs impl_1 -to_step write_bitstream
[Thu May 18 14:16:28 2023] Launched impl_1...
Run output will be captured here: C:/Users/user/Documents/.git/space_race/lab05.runs/impl_1/runme.log
open_hw
connect_hw_server
INFO: [Labtools 27-2285] Connecting to hw_server url TCP:localhost:3121
INFO: [Labtools 27-2222] Launching hw_server...
INFO: [Labtools 27-2221] Launch Output:

****** Xilinx hw_server v2016.3
  **** Build date : Oct 10 2016-19:47:06
    ** Copyright 1986-2016 Xilinx, Inc. All Rights Reserved.


open_hw_target
INFO: [Labtoolstcl 44-466] Opening hw_target localhost:3121/xilinx_tcf/Digilent/210248B0221B
current_hw_device [lindex [get_hw_devices xc7z020_1] 0]
refresh_hw_device -update_hw_probes false [lindex [get_hw_devices xc7z020_1] 0]
INFO: [Labtools 27-1434] Device xc7z020 (JTAG device index = 1) is programmed with a design that has no supported debug core(s) in it.
WARNING: [Labtools 27-3123] The debug hub core was not detected at User Scan Chain 1 or 3.
Resolution: 
1. Make sure the clock connected to the debug hub (dbg_hub) core is a free running clock and is active OR
2. Manually launch hw_server with -e "set xsdb-user-bscan <C_USER_SCAN_CHAIN scan_chain_number>" to detect the debug hub at User Scan Chain of 2 or 4. To determine the user scan chain setting, open the implemented design and use: get_property C_USER_SCAN_CHAIN [get_debug_cores dbg_hub].
set_property PROBES.FILE {} [lindex [get_hw_devices xc7z020_1] 0]
set_property PROGRAM.FILE {C:/Users/user/Documents/.git/space_race/lab05.runs/impl_1/lab05.bit} [lindex [get_hw_devices xc7z020_1] 0]
program_hw_devices [lindex [get_hw_devices xc7z020_1] 0]
INFO: [Labtools 27-3164] End of startup status: HIGH
refresh_hw_device [lindex [get_hw_devices xc7z020_1] 0]
INFO: [Labtools 27-1434] Device xc7z020 (JTAG device index = 1) is programmed with a design that has no supported debug core(s) in it.
WARNING: [Labtools 27-3123] The debug hub core was not detected at User Scan Chain 1 or 3.
Resolution: 
1. Make sure the clock connected to the debug hub (dbg_hub) core is a free running clock and is active OR
2. Manually launch hw_server with -e "set xsdb-user-bscan <C_USER_SCAN_CHAIN scan_chain_number>" to detect the debug hub at User Scan Chain of 2 or 4. To determine the user scan chain setting, open the implemented design and use: get_property C_USER_SCAN_CHAIN [get_debug_cores dbg_hub].
reset_run synth_1
WARNING: [Vivado 12-1017] Problems encountered:
1. Failed to delete one or more files in run directory C:/Users/user/Documents/.git/space_race/lab05.runs/synth_1

launch_runs impl_1 -to_step write_bitstream
[Thu May 18 14:17:55 2023] Launched synth_1...
Run output will be captured here: C:/Users/user/Documents/.git/space_race/lab05.runs/synth_1/runme.log
[Thu May 18 14:17:55 2023] Launched impl_1...
Run output will be captured here: C:/Users/user/Documents/.git/space_race/lab05.runs/impl_1/runme.log
reset_run synth_1
WARNING: [Vivado 12-1017] Problems encountered:
1. Failed to delete one or more files in run directory C:/Users/user/Documents/.git/space_race/lab05.runs/synth_1

launch_runs impl_1 -to_step write_bitstream
[Thu May 18 14:18:28 2023] Launched synth_1...
Run output will be captured here: C:/Users/user/Documents/.git/space_race/lab05.runs/synth_1/runme.log
[Thu May 18 14:18:28 2023] Launched impl_1...
Run output will be captured here: C:/Users/user/Documents/.git/space_race/lab05.runs/impl_1/runme.log
reset_run synth_1
WARNING: [Vivado 12-1017] Problems encountered:
1. Failed to delete one or more files in run directory C:/Users/user/Documents/.git/space_race/lab05.runs/synth_1

launch_runs impl_1 -to_step write_bitstream
[Thu May 18 14:23:41 2023] Launched synth_1...
Run output will be captured here: C:/Users/user/Documents/.git/space_race/lab05.runs/synth_1/runme.log
[Thu May 18 14:23:41 2023] Launched impl_1...
Run output will be captured here: C:/Users/user/Documents/.git/space_race/lab05.runs/impl_1/runme.log
set_property PROBES.FILE {} [lindex [get_hw_devices xc7z020_1] 0]
set_property PROGRAM.FILE {C:/Users/user/Documents/.git/space_race/lab05.runs/impl_1/lab05.bit} [lindex [get_hw_devices xc7z020_1] 0]
program_hw_devices [lindex [get_hw_devices xc7z020_1] 0]
INFO: [Labtools 27-3164] End of startup status: HIGH
refresh_hw_device [lindex [get_hw_devices xc7z020_1] 0]
INFO: [Labtools 27-1434] Device xc7z020 (JTAG device index = 1) is programmed with a design that has no supported debug core(s) in it.
WARNING: [Labtools 27-3123] The debug hub core was not detected at User Scan Chain 1 or 3.
Resolution: 
1. Make sure the clock connected to the debug hub (dbg_hub) core is a free running clock and is active OR
2. Manually launch hw_server with -e "set xsdb-user-bscan <C_USER_SCAN_CHAIN scan_chain_number>" to detect the debug hub at User Scan Chain of 2 or 4. To determine the user scan chain setting, open the implemented design and use: get_property C_USER_SCAN_CHAIN [get_debug_cores dbg_hub].
reset_run synth_1
WARNING: [Vivado 12-1017] Problems encountered:
1. Failed to delete one or more files in run directory C:/Users/user/Documents/.git/space_race/lab05.runs/synth_1

launch_runs impl_1 -to_step write_bitstream
[Thu May 18 14:31:41 2023] Launched synth_1...
Run output will be captured here: C:/Users/user/Documents/.git/space_race/lab05.runs/synth_1/runme.log
[Thu May 18 14:31:41 2023] Launched impl_1...
Run output will be captured here: C:/Users/user/Documents/.git/space_race/lab05.runs/impl_1/runme.log
set_property PROBES.FILE {} [lindex [get_hw_devices xc7z020_1] 0]
set_property PROGRAM.FILE {C:/Users/user/Documents/.git/space_race/lab05.runs/impl_1/lab05.bit} [lindex [get_hw_devices xc7z020_1] 0]
program_hw_devices [lindex [get_hw_devices xc7z020_1] 0]
INFO: [Labtools 27-3164] End of startup status: HIGH
refresh_hw_device [lindex [get_hw_devices xc7z020_1] 0]
INFO: [Labtools 27-1434] Device xc7z020 (JTAG device index = 1) is programmed with a design that has no supported debug core(s) in it.
WARNING: [Labtools 27-3123] The debug hub core was not detected at User Scan Chain 1 or 3.
Resolution: 
1. Make sure the clock connected to the debug hub (dbg_hub) core is a free running clock and is active OR
2. Manually launch hw_server with -e "set xsdb-user-bscan <C_USER_SCAN_CHAIN scan_chain_number>" to detect the debug hub at User Scan Chain of 2 or 4. To determine the user scan chain setting, open the implemented design and use: get_property C_USER_SCAN_CHAIN [get_debug_cores dbg_hub].
reset_run synth_1
WARNING: [Vivado 12-1017] Problems encountered:
1. Failed to delete one or more files in run directory C:/Users/user/Documents/.git/space_race/lab05.runs/synth_1

launch_runs impl_1 -to_step write_bitstream
[Thu May 18 15:24:48 2023] Launched synth_1...
Run output will be captured here: C:/Users/user/Documents/.git/space_race/lab05.runs/synth_1/runme.log
[Thu May 18 15:24:48 2023] Launched impl_1...
Run output will be captured here: C:/Users/user/Documents/.git/space_race/lab05.runs/impl_1/runme.log
