#-----------------------------------------------------------
# Vivado v2016.3 (64-bit)
# SW Build 1682563 on Mon Oct 10 19:07:27 MDT 2016
# IP Build 1681267 on Mon Oct 10 21:28:31 MDT 2016
# Start of session at: Tue May 09 21:35:45 2023
# Process ID: 14040
# Current directory: C:/Users/ediso/Desktop/lab05
# Command line: vivado.exe -gui_launcher_event rodinguilauncherevent18640 C:\Users\ediso\Desktop\lab05\lab05.xpr
# Log file: C:/Users/ediso/Desktop/lab05/vivado.log
# Journal file: C:/Users/ediso/Desktop/lab05\vivado.jou
#-----------------------------------------------------------
start_gui
open_project C:/Users/ediso/Desktop/lab05/lab05.xpr
Scanning sources...
Finished scanning sources
WARNING: [filemgmt 56-3] IP Output Repository Path: Could not find the directory 'C:/Users/ediso/Desktop/lab05/lab05.cache/ip'.
INFO: [IP_Flow 19-234] Refreshing IP repositories
INFO: [IP_Flow 19-1704] No user IP repositories specified
INFO: [IP_Flow 19-2313] Loaded Vivado IP repository 'C:/Vivado/2016.3/data/ip'.
reset_run synth_1
launch_runs impl_1 -to_step write_bitstream -jobs 6
[Tue May 09 22:23:30 2023] Launched synth_1...
Run output will be captured here: C:/Users/ediso/Desktop/lab05/lab05.runs/synth_1/runme.log
[Tue May 09 22:23:30 2023] Launched impl_1...
Run output will be captured here: C:/Users/ediso/Desktop/lab05/lab05.runs/impl_1/runme.log
open_run impl_1
INFO: [Netlist 29-17] Analyzing 158 Unisim elements for replacement
INFO: [Netlist 29-28] Unisim Transformation completed in 0 CPU seconds
INFO: [Project 1-479] Netlist was created with Vivado 2016.3
INFO: [Device 21-403] Loading part xc7z020clg484-1
INFO: [Project 1-570] Preparing netlist for logic optimization
Parsing XDC File [C:/Users/ediso/Desktop/lab05/.Xil/Vivado-14040-DESKTOP-3VPPBLD/dcp/lab05.xdc]
Finished Parsing XDC File [C:/Users/ediso/Desktop/lab05/.Xil/Vivado-14040-DESKTOP-3VPPBLD/dcp/lab05.xdc]
Reading XDEF placement.
Reading placer database...
Reading XDEF routing.
Read XDEF File: Time (s): cpu = 00:00:00 ; elapsed = 00:00:00.061 . Memory (MB): peak = 1084.250 ; gain = 0.000
Restored from archive | CPU: 0.000000 secs | Memory: 0.000000 MB |
Finished XDEF File Restore: Time (s): cpu = 00:00:00 ; elapsed = 00:00:00.061 . Memory (MB): peak = 1084.250 ; gain = 0.000
INFO: [Project 1-111] Unisim Transformation Summary:
No Unisim elements were transformed.

reset_run synth_1
launch_runs impl_1 -to_step write_bitstream -jobs 6
[Tue May 09 22:30:07 2023] Launched synth_1...
Run output will be captured here: C:/Users/ediso/Desktop/lab05/lab05.runs/synth_1/runme.log
[Tue May 09 22:30:07 2023] Launched impl_1...
Run output will be captured here: C:/Users/ediso/Desktop/lab05/lab05.runs/impl_1/runme.log
open_hw
close_hw
reset_run synth_1
launch_runs impl_1 -to_step write_bitstream -jobs 6
[Tue May 09 22:32:40 2023] Launched synth_1...
Run output will be captured here: C:/Users/ediso/Desktop/lab05/lab05.runs/synth_1/runme.log
[Tue May 09 22:32:40 2023] Launched impl_1...
Run output will be captured here: C:/Users/ediso/Desktop/lab05/lab05.runs/impl_1/runme.log
open_hw
connect_hw_server
INFO: [Labtools 27-2285] Connecting to hw_server url TCP:localhost:3121
INFO: [Labtools 27-2222] Launching hw_server...
INFO: [Labtools 27-2221] Launch Output:

****** Xilinx hw_server v2016.3
  **** Build date : Oct 10 2016-19:47:06
    ** Copyright 1986-2016 Xilinx, Inc. All Rights Reserved.


open_hw_target
INFO: [Labtoolstcl 44-466] Opening hw_target localhost:3121/xilinx_tcf/Digilent/210248B77F2A
set_property PROGRAM.FILE {C:/Users/ediso/Desktop/lab05/lab05.runs/impl_1/lab05.bit} [lindex [get_hw_devices xc7z020_1] 0]
current_hw_device [lindex [get_hw_devices xc7z020_1] 0]
refresh_hw_device -update_hw_probes false [lindex [get_hw_devices xc7z020_1] 0]
INFO: [Labtools 27-1435] Device xc7z020 (JTAG device index = 1) is not programmed (DONE status = 0).
set_property PROBES.FILE {} [lindex [get_hw_devices xc7z020_1] 0]
set_property PROGRAM.FILE {C:/Users/ediso/Desktop/lab05/lab05.runs/impl_1/lab05.bit} [lindex [get_hw_devices xc7z020_1] 0]
program_hw_devices [lindex [get_hw_devices xc7z020_1] 0]
INFO: [Labtools 27-3164] End of startup status: HIGH
refresh_hw_device [lindex [get_hw_devices xc7z020_1] 0]
INFO: [Labtools 27-1434] Device xc7z020 (JTAG device index = 1) is programmed with a design that has no supported debug core(s) in it.
WARNING: [Labtools 27-3123] The debug hub core was not detected at User Scan Chain 1 or 3.
Resolution: 
1. Make sure the clock connected to the debug hub (dbg_hub) core is a free running clock and is active OR
2. Manually launch hw_server with -e "set xsdb-user-bscan <C_USER_SCAN_CHAIN scan_chain_number>" to detect the debug hub at User Scan Chain of 2 or 4. To determine the user scan chain setting, open the implemented design and use: get_property C_USER_SCAN_CHAIN [get_debug_cores dbg_hub].
